<?xml version="1.0" encoding="UTF-8"?>
<testng-results ignored="0" total="4" passed="4" failed="0" skipped="0">
  <reporter-output>
  </reporter-output>
  <suite started-at="2020-07-02T07:58:00 IST" name="API Suite" finished-at="2020-07-02T07:58:03 IST" duration-ms="3220">
    <groups>
    </groups>
    <test started-at="2020-07-02T07:58:00 IST" name="API Tests" finished-at="2020-07-02T07:58:03 IST" duration-ms="3220">
      <class name="Helper.ApiHelper">
        <test-method signature="createUser()[pri:0, instance:Helper.ApiHelper@564718df]"
                     started-at="2020-07-02T07:58:00 IST" name="createUser" finished-at="2020-07-02T07:58:03 IST" duration-ms="3022" status="PASS">
          <reporter-output>
          </reporter-output>
        </test-method> <!-- createUser -->
        <test-method signature="getListOfUsers()[pri:0, instance:Helper.ApiHelper@564718df]" started-at="2020-07-02T07:58:03 IST" name="getListOfUsers" finished-at="2020-07-02T07:58:03 IST" duration-ms="0" status="PASS">
          <reporter-output>
          </reporter-output>
        </test-method> <!-- getListOfUsers -->
        <test-method signature="getUsers()[pri:0, instance:Helper.ApiHelper@564718df]" started-at="2020-07-02T07:58:03 IST" name="getUsers" finished-at="2020-07-02T07:58:03 IST" duration-ms="164" status="PASS">
          <reporter-output>
          </reporter-output>
        </test-method> <!-- getUsers -->
        <test-method signature="updateUser()[pri:0, instance:Helper.ApiHelper@564718df]" started-at="2020-07-02T07:58:03 IST" name="updateUser" finished-at="2020-07-02T07:58:03 IST" duration-ms="1" status="PASS">
          <reporter-output>
          </reporter-output>
        </test-method> <!-- updateUser -->
      </class> <!-- Helper.ApiHelper -->
    </test> <!-- API Tests -->
  </suite> <!-- API Suite -->
</testng-results>
