<?xml version="1.0" encoding="UTF-8"?>
<!-- Generated by org.testng.reporters.JUnitXMLReporter -->
<testsuite ignored="0" hostname="Administrators-MacBook-Pro.local" failures="0" tests="4" name="API Tests" time="3.22" errors="0" timestamp="2020-07-02T07:58:03 IST">
  <testcase classname="Helper.ApiHelper" name="createUser" time="3.022"/>
  <testcase classname="Helper.ApiHelper" name="getListOfUsers" time="0.0"/>
  <testcase classname="Helper.ApiHelper" name="getUsers" time="0.164"/>
  <testcase classname="Helper.ApiHelper" name="updateUser" time="0.001"/>
</testsuite> <!-- API Tests -->
